<?xml version="1.0" encoding="UTF-8"?>
<testsuite name="co.com.certificacion.choucair.runners.Login" tests="0" skipped="0" failures="0" errors="0" timestamp="1970-01-01T00:00:00" hostname="RODRIGO_PC" time="0.0">
  <properties/>
  <system-out><![CDATA[Feature from file:///C:/Users/Rodrigo%20Castiblanco/Documents/Prueba_Tecnica_CHOUCAIR/src/test/resources/features/language.feature
Feature from file:///C:/Users/Rodrigo%20Castiblanco/Documents/Prueba_Tecnica_CHOUCAIR/src/test/resources/features/login.feature
Feature from file:///C:/Users/Rodrigo%20Castiblanco/Documents/Prueba_Tecnica_CHOUCAIR/src/test/resources/features/meeting.feature

5 Scenarios (?[32m5 passed?[0m)
19 Steps (?[32m19 passed?[0m)
1m40,101s


]]></system-out>
  <system-err><![CDATA[feb 10, 2023 9:59:05 PM io.cucumber.core.options.CucumberPropertiesParser parse
ADVERTENCIA: Passing commandline options via the property `cucumber.options` has been deprecatedin favour of explicitly using property names.
Please use these instead: [cucumber.ansi-colors.disabled, cucumber.execution.dry-run, cucumber.execution.limit, cucumber.execution.order, cucumber.execution.strict, cucumber.execution.wip, cucumber.features, cucumber.filter.name, cucumber.filter.tags, cucumber.glue, cucumber.object-factory, cucumber.plugin, cucumber.snippet-type]
[Test worker] WARN io.cucumber.junit.CucumberSerenityRunner - By default Cucumber is running in --non-strict mode.
This default will change to --strict and --non-strict will be removed.
You can use --strict or @CucumberOptions(strict = true) to suppress this warning
[Test worker] INFO  - 

-------------------------------------------------------------------------------------
     _______. _______ .______       _______ .__   __.  __  .___________.____    ____ 
    /       ||   ____||   _  \     |   ____||  \ |  | |  | |           |\   \  /   / 
   |   (----`|  |__   |  |_)  |    |  |__   |   \|  | |  | `---|  |----` \   \/   /  
    \   \    |   __|  |      /     |   __|  |  . `  | |  |     |  |       \_    _/   
.----)   |   |  |____ |  |\  \----.|  |____ |  |\   | |  |     |  |         |  |     
|_______/    |_______|| _| `._____||_______||__| \__| |__|     |__|         |__|    
                                                                                     
 News and tutorials at http://www.serenity-bdd.info                                  
 Documentation at https://wakaleo.gitbooks.io/the-serenity-book/content/             
 Join the Serenity Community on Gitter: https://gitter.im/serenity-bdd/serenity-core 
 Serenity BDD Support and Training at http://serenity-bdd.info/#/trainingandsupport  
 Learn Serenity BDD online at https://www.serenitydojo.net                           
-------------------------------------------------------------------------------------

[Test worker] INFO  - Test Suite Started: Cambio de idioma exitoso.
[Test worker] INFO  - Test Suite Started: Login Exitoso
[Test worker] INFO  - Test Suite Started: Creacion de reunion exitosa
]]></system-err>
</testsuite>
